<?xml version="1.0" encoding="UTF-8"?>
<testsuite xmlns:xsi="http://www.w3.org/2001/XMLSchema-instance" xsi:noNamespaceSchemaLocation="https://maven.apache.org/surefire/maven-surefire-plugin/xsd/surefire-test-report.xsd" name="TestSuite" time="7.225" tests="3" errors="0" skipped="0" failures="0">
  <properties>
[...]
</properties>
  <testcase name="getSensorsTest" classname="org.intive.patronage.services.test.GetSensorsTest" time="3.986"/>
  <testcase name="getNotificationsTest" classname="org.intive.patronage.services.test.GetNotificationsTest" time="0.64"/>
  <testcase name="deleteNotificationsTest" classname="org.intive.patronage.services.test.DeleteNotificationsTest" time="0.481"/>
</testsuite>